2024-03-14 21:48:23,143 [Worker-0: Loading available Gradle versions] INFO  o.e.b.c.i.u.g.PublishedGradleVersions - Gradle version information cache is out-of-date. Trying to update.
2024-03-14 21:49:40,571 [Worker-3: Building] INFO  o.e.m.c.i.l.LifecycleMappingFactory - Using org.eclipse.m2e.jdt.JarLifecycleMapping lifecycle mapping for MavenProject: com.ayoub:real-estate-modules:0.0.1-SNAPSHOT @ C:\Users\ayoub\Documents\docker\real-estate\real-estate-modules\pom.xml.
2024-03-14 21:49:43,776 [Worker-3: Building] INFO  o.a.m.s.f.DefaultMavenResourcesFiltering - Copying 1 resource from src\main\resources to target\classes
2024-03-14 21:49:43,796 [Worker-3: Building] INFO  o.a.m.s.f.DefaultMavenResourcesFiltering - skip non existing resourceDirectory C:\Users\ayoub\Documents\docker\real-estate\real-estate-modules\src\test\resources
2024-03-14 21:49:48,111 [Worker-4: Building] INFO  o.e.m.c.i.l.LifecycleMappingFactory - Using org.eclipse.m2e.jdt.JarLifecycleMapping lifecycle mapping for MavenProject: com.ayoub:real-estate-business:0.0.1-SNAPSHOT @ C:\Users\ayoub\Documents\docker\real-estate\real-estate-business\pom.xml.
2024-03-14 21:49:49,513 [Worker-4: Building] INFO  o.a.m.s.f.DefaultMavenResourcesFiltering - Copying 4 resources from src\main\resources to target\classes
2024-03-14 21:49:49,523 [Worker-4: Building] INFO  o.a.m.s.f.DefaultMavenResourcesFiltering - skip non existing resourceDirectory C:\Users\ayoub\Documents\docker\real-estate\real-estate-business\src\test\resources
2024-03-14 21:49:57,358 [Worker-2: Building] INFO  o.e.m.c.i.l.LifecycleMappingFactory - Using org.eclipse.m2e.jdt.JarLifecycleMapping lifecycle mapping for MavenProject: com.ayoub.real_estate:rest:0.0.1-SNAPSHOT @ C:\Users\ayoub\Documents\docker\real-estate\real-estate-rest\pom.xml.
2024-03-14 21:50:11,320 [Worker-2: Building] INFO  o.a.m.s.f.DefaultMavenResourcesFiltering - Copying 1 resource from src\main\resources to target\classes
2024-03-14 21:50:11,359 [Worker-2: Building] INFO  o.a.m.s.f.DefaultMavenResourcesFiltering - Copying 0 resource from src\main\resources to target\classes
2024-03-14 21:50:11,367 [Worker-2: Building] INFO  o.a.m.s.f.DefaultMavenResourcesFiltering - skip non existing resourceDirectory C:\Users\ayoub\Documents\docker\real-estate\real-estate-rest\src\test\resources
2024-03-14 23:34:28,365 [Worker-4: Loading available Gradle versions] INFO  o.e.b.c.i.u.g.PublishedGradleVersions - Gradle version information cache is up-to-date. Trying to read.
2024-03-14 23:34:53,455 [Worker-8: Building] INFO  o.e.m.c.i.l.LifecycleMappingFactory - Using org.eclipse.m2e.jdt.JarLifecycleMapping lifecycle mapping for MavenProject: com.ayoub:real-estate-business:0.0.1-SNAPSHOT @ C:\Users\ayoub\Documents\docker\real-estate\real-estate-business\pom.xml.
2024-03-14 23:35:22,038 [Worker-8: Building] INFO  o.e.m.c.i.l.LifecycleMappingFactory - Using org.eclipse.m2e.jdt.JarLifecycleMapping lifecycle mapping for MavenProject: com.ayoub.real_estate:rest:0.0.1-SNAPSHOT @ C:\Users\ayoub\Documents\docker\real-estate\real-estate-rest\pom.xml.
2024-03-14 23:35:36,641 [Worker-2: Download sources and javadoc] INFO  o.e.m.c.i.e.AbstractTransferListenerAdapter - Downloading https://repo.maven.apache.org/maven2/org/springframework/security/spring-security-core/6.2.2/spring-security-core-6.2.2-sources.jar
2024-03-14 23:35:37,076 [Worker-2: Download sources and javadoc] INFO  o.e.m.c.i.e.AbstractTransferListenerAdapter - Downloaded https://repo.maven.apache.org/maven2/org/springframework/security/spring-security-core/6.2.2/spring-security-core-6.2.2-sources.jar
2024-03-14 23:35:37,089 [Worker-2: Download sources and javadoc] INFO  o.e.m.j.internal.DownloadSourcesJob - Downloaded sources for org.springframework.security:spring-security-core:6.2.2
2024-03-14 23:35:37,261 [Worker-2: Download sources and javadoc] INFO  o.e.m.c.i.e.AbstractTransferListenerAdapter - Downloading https://repo.maven.apache.org/maven2/org/springframework/security/spring-security-crypto/6.2.2/spring-security-crypto-6.2.2-sources.jar
2024-03-14 23:35:37,322 [Worker-2: Download sources and javadoc] INFO  o.e.m.c.i.e.AbstractTransferListenerAdapter - Downloaded https://repo.maven.apache.org/maven2/org/springframework/security/spring-security-crypto/6.2.2/spring-security-crypto-6.2.2-sources.jar
2024-03-14 23:35:37,329 [Worker-2: Download sources and javadoc] INFO  o.e.m.j.internal.DownloadSourcesJob - Downloaded sources for org.springframework.security:spring-security-crypto:6.2.2
2024-03-14 23:35:37,839 [Worker-8: Building] INFO  o.a.m.s.f.DefaultMavenResourcesFiltering - Copying 4 resources from src\main\resources to target\classes
2024-03-14 23:35:38,100 [Worker-8: Building] INFO  o.a.m.s.f.DefaultMavenResourcesFiltering - skip non existing resourceDirectory C:\Users\ayoub\Documents\docker\real-estate\real-estate-business\src\test\resources
2024-03-14 23:35:45,921 [Worker-9: Building] INFO  o.e.m.c.i.l.LifecycleMappingFactory - Using org.eclipse.m2e.jdt.JarLifecycleMapping lifecycle mapping for MavenProject: com.ayoub.real_estate:rest:0.0.1-SNAPSHOT @ C:\Users\ayoub\Documents\docker\real-estate\real-estate-rest\pom.xml.
2024-03-14 23:35:50,033 [Worker-9: Building] INFO  o.a.m.s.f.DefaultMavenResourcesFiltering - Copying 1 resource from src\main\resources to target\classes
2024-03-14 23:35:50,111 [Worker-9: Building] INFO  o.a.m.s.f.DefaultMavenResourcesFiltering - Copying 0 resource from src\main\resources to target\classes
2024-03-14 23:35:50,119 [Worker-9: Building] INFO  o.a.m.s.f.DefaultMavenResourcesFiltering - skip non existing resourceDirectory C:\Users\ayoub\Documents\docker\real-estate\real-estate-rest\src\test\resources
2024-03-14 23:36:12,850 [Start Help Server] INFO  org.eclipse.jetty.server.Server - jetty-12.0.3; built: 2023-10-27T03:25:22.284Z; git: a873259fd5af141dedaa6c7fa8fe8fbdedce0d61; jvm 17.0.10+7
2024-03-14 23:36:12,946 [Start Help Server] INFO  o.e.j.server.handler.ContextHandler - Started oeje8n.ContextHandler$CoreContextHandler@ac5374b{/help,/help,b=null,a=AVAILABLE,h=oeje8n.ContextHandler$CoreContextHandler$CoreToNestedHandler@1d1287cd{STARTED}}
2024-03-14 23:36:12,948 [Start Help Server] INFO  o.e.j.s.DefaultSessionIdManager - Session workerName=node0
2024-03-14 23:36:12,996 [Start Help Server] INFO  o.e.jetty.server.AbstractConnector - Started ServerConnector@50e1e359{HTTP/1.1, (http/1.1)}{127.0.0.1:54082}
2024-03-14 23:36:13,043 [Start Help Server] INFO  org.eclipse.jetty.server.Server - Started oejs.Server@6d51863{STARTING}[12.0.3,sto=0] @5228112ms
2024-03-14 23:36:15,700 [Worker-1: Building] INFO  o.a.m.s.f.DefaultMavenResourcesFiltering - Copying 1 resource from src\main\resources to target\classes
2024-03-14 23:36:15,714 [Worker-1: Building] INFO  o.a.m.s.f.DefaultMavenResourcesFiltering - Copying 1 resource from src\main\resources to target\classes
2024-03-14 23:36:15,732 [Worker-1: Building] INFO  o.a.m.s.f.DefaultMavenResourcesFiltering - skip non existing resourceDirectory C:\Users\ayoub\Documents\docker\real-estate\real-estate-rest\src\test\resources
2024-03-14 23:36:42,560 [Worker-3: Building] INFO  o.a.m.s.f.DefaultMavenResourcesFiltering - Copying 1 resource from src\main\resources to target\classes
2024-03-14 23:36:42,573 [Worker-3: Building] INFO  o.a.m.s.f.DefaultMavenResourcesFiltering - Copying 1 resource from src\main\resources to target\classes
2024-03-14 23:36:42,583 [Worker-3: Building] INFO  o.a.m.s.f.DefaultMavenResourcesFiltering - skip non existing resourceDirectory C:\Users\ayoub\Documents\docker\real-estate\real-estate-rest\src\test\resources
2024-03-14 23:42:09,718 [Worker-11: Building] INFO  o.a.m.s.f.DefaultMavenResourcesFiltering - Copying 1 resource from src\main\resources to target\classes
2024-03-14 23:42:09,733 [Worker-11: Building] INFO  o.a.m.s.f.DefaultMavenResourcesFiltering - Copying 1 resource from src\main\resources to target\classes
2024-03-14 23:42:09,743 [Worker-11: Building] INFO  o.a.m.s.f.DefaultMavenResourcesFiltering - skip non existing resourceDirectory C:\Users\ayoub\Documents\docker\real-estate\real-estate-rest\src\test\resources
2024-03-14 23:42:33,967 [Worker-14: Building] INFO  o.a.m.s.f.DefaultMavenResourcesFiltering - Copying 1 resource from src\main\resources to target\classes
2024-03-14 23:42:33,982 [Worker-14: Building] INFO  o.a.m.s.f.DefaultMavenResourcesFiltering - Copying 1 resource from src\main\resources to target\classes
2024-03-14 23:42:33,988 [Worker-14: Building] INFO  o.a.m.s.f.DefaultMavenResourcesFiltering - skip non existing resourceDirectory C:\Users\ayoub\Documents\docker\real-estate\real-estate-rest\src\test\resources
2024-03-14 23:44:58,125 [Worker-15: Building] INFO  o.a.m.s.f.DefaultMavenResourcesFiltering - Copying 1 resource from src\main\resources to target\classes
2024-03-14 23:44:58,139 [Worker-15: Building] INFO  o.a.m.s.f.DefaultMavenResourcesFiltering - Copying 1 resource from src\main\resources to target\classes
2024-03-14 23:44:58,146 [Worker-15: Building] INFO  o.a.m.s.f.DefaultMavenResourcesFiltering - skip non existing resourceDirectory C:\Users\ayoub\Documents\docker\real-estate\real-estate-rest\src\test\resources
2024-03-14 23:45:01,388 [Worker-9: Building] INFO  o.a.m.s.f.DefaultMavenResourcesFiltering - Copying 1 resource from src\main\resources to target\classes
2024-03-14 23:45:01,414 [Worker-9: Building] INFO  o.a.m.s.f.DefaultMavenResourcesFiltering - Copying 1 resource from src\main\resources to target\classes
2024-03-14 23:45:01,425 [Worker-9: Building] INFO  o.a.m.s.f.DefaultMavenResourcesFiltering - skip non existing resourceDirectory C:\Users\ayoub\Documents\docker\real-estate\real-estate-rest\src\test\resources
2024-03-14 23:53:49,896 [Worker-13: Building] INFO  o.e.m.c.i.l.LifecycleMappingFactory - Using org.eclipse.m2e.jdt.JarLifecycleMapping lifecycle mapping for MavenProject: com.ayoub.real_estate:rest:0.0.1-SNAPSHOT @ C:\Users\ayoub\Documents\docker\real-estate\real-estate-rest\pom.xml.
2024-03-14 23:53:52,062 [Worker-13: Building] INFO  o.a.m.s.f.DefaultMavenResourcesFiltering - Copying 1 resource from src\main\resources to target\classes
2024-03-14 23:53:52,158 [Worker-13: Building] INFO  o.a.m.s.f.DefaultMavenResourcesFiltering - Copying 1 resource from src\main\resources to target\classes
2024-03-14 23:53:52,202 [Worker-13: Building] INFO  o.a.m.s.f.DefaultMavenResourcesFiltering - skip non existing resourceDirectory C:\Users\ayoub\Documents\docker\real-estate\real-estate-rest\src\test\resources
2024-03-14 23:53:53,113 [Worker-20: Download sources and javadoc] INFO  o.e.m.c.i.e.AbstractTransferListenerAdapter - Downloading https://repo.maven.apache.org/maven2/org/springframework/boot/spring-boot-starter-aop/3.2.3/spring-boot-starter-aop-3.2.3-sources.jar
2024-03-14 23:53:53,122 [Worker-20: Download sources and javadoc] INFO  o.e.m.c.i.e.AbstractTransferListenerAdapter - Downloaded https://repo.maven.apache.org/maven2/org/springframework/boot/spring-boot-starter-aop/3.2.3/spring-boot-starter-aop-3.2.3-sources.jar
2024-03-14 23:53:53,128 [Worker-20: Download sources and javadoc] INFO  o.e.m.j.internal.DownloadSourcesJob - Downloaded sources for org.springframework.boot:spring-boot-starter-aop:3.2.3
2024-03-14 23:53:53,316 [Worker-20: Download sources and javadoc] INFO  o.e.m.c.i.e.AbstractTransferListenerAdapter - Downloading https://repo.maven.apache.org/maven2/org/aspectj/aspectjweaver/1.9.21/aspectjweaver-1.9.21-sources.jar
2024-03-14 23:53:53,945 [Worker-20: Download sources and javadoc] INFO  o.e.m.c.i.e.AbstractTransferListenerAdapter - Downloaded https://repo.maven.apache.org/maven2/org/aspectj/aspectjweaver/1.9.21/aspectjweaver-1.9.21-sources.jar
2024-03-14 23:53:53,955 [Worker-20: Download sources and javadoc] INFO  o.e.m.j.internal.DownloadSourcesJob - Downloaded sources for org.aspectj:aspectjweaver:1.9.21
2024-03-14 23:54:03,811 [Worker-19: Building] INFO  o.a.m.s.f.DefaultMavenResourcesFiltering - Copying 0 resource from src\main\resources to target\classes
2024-03-14 23:54:03,816 [Worker-19: Building] INFO  o.a.m.s.f.DefaultMavenResourcesFiltering - Copying 0 resource from src\main\resources to target\classes
2024-03-14 23:54:03,831 [Worker-19: Building] INFO  o.a.m.s.f.DefaultMavenResourcesFiltering - skip non existing resourceDirectory C:\Users\ayoub\Documents\docker\real-estate\real-estate-rest\src\test\resources
2024-03-14 23:56:03,996 [Worker-24: Building] INFO  o.a.m.s.f.DefaultMavenResourcesFiltering - Copying 1 resource from src\main\resources to target\classes
2024-03-14 23:56:04,013 [Worker-24: Building] INFO  o.a.m.s.f.DefaultMavenResourcesFiltering - Copying 0 resource from src\main\resources to target\classes
2024-03-14 23:56:04,019 [Worker-24: Building] INFO  o.a.m.s.f.DefaultMavenResourcesFiltering - skip non existing resourceDirectory C:\Users\ayoub\Documents\docker\real-estate\real-estate-rest\src\test\resources
2024-03-14 23:56:27,891 [Worker-28: Building] INFO  o.a.m.s.f.DefaultMavenResourcesFiltering - Copying 1 resource from src\main\resources to target\classes
2024-03-14 23:56:27,969 [Worker-28: Building] INFO  o.a.m.s.f.DefaultMavenResourcesFiltering - Copying 0 resource from src\main\resources to target\classes
2024-03-14 23:56:27,977 [Worker-28: Building] INFO  o.a.m.s.f.DefaultMavenResourcesFiltering - skip non existing resourceDirectory C:\Users\ayoub\Documents\docker\real-estate\real-estate-rest\src\test\resources
2024-03-14 23:56:59,859 [Worker-29: Building] INFO  o.a.m.s.f.DefaultMavenResourcesFiltering - Copying 1 resource from src\main\resources to target\classes
2024-03-14 23:56:59,869 [Worker-29: Building] INFO  o.a.m.s.f.DefaultMavenResourcesFiltering - Copying 0 resource from src\main\resources to target\classes
2024-03-14 23:56:59,873 [Worker-29: Building] INFO  o.a.m.s.f.DefaultMavenResourcesFiltering - skip non existing resourceDirectory C:\Users\ayoub\Documents\docker\real-estate\real-estate-rest\src\test\resources
2024-03-14 23:58:46,261 [Worker-28: Building] INFO  o.a.m.s.f.DefaultMavenResourcesFiltering - Copying 1 resource from src\main\resources to target\classes
2024-03-14 23:58:46,316 [Worker-28: Building] INFO  o.a.m.s.f.DefaultMavenResourcesFiltering - Copying 1 resource from src\main\resources to target\classes
2024-03-14 23:58:46,327 [Worker-28: Building] INFO  o.a.m.s.f.DefaultMavenResourcesFiltering - skip non existing resourceDirectory C:\Users\ayoub\Documents\docker\real-estate\real-estate-rest\src\test\resources
2024-03-14 23:59:23,546 [Worker-28: Building] INFO  o.a.m.s.f.DefaultMavenResourcesFiltering - Copying 1 resource from src\main\resources to target\classes
2024-03-14 23:59:23,576 [Worker-28: Building] INFO  o.a.m.s.f.DefaultMavenResourcesFiltering - Copying 1 resource from src\main\resources to target\classes
2024-03-14 23:59:23,584 [Worker-28: Building] INFO  o.a.m.s.f.DefaultMavenResourcesFiltering - skip non existing resourceDirectory C:\Users\ayoub\Documents\docker\real-estate\real-estate-rest\src\test\resources
2024-03-15 00:00:26,538 [Worker-28: Building] INFO  o.a.m.s.f.DefaultMavenResourcesFiltering - Copying 1 resource from src\main\resources to target\classes
2024-03-15 00:00:26,559 [Worker-28: Building] INFO  o.a.m.s.f.DefaultMavenResourcesFiltering - Copying 1 resource from src\main\resources to target\classes
2024-03-15 00:00:26,566 [Worker-28: Building] INFO  o.a.m.s.f.DefaultMavenResourcesFiltering - skip non existing resourceDirectory C:\Users\ayoub\Documents\docker\real-estate\real-estate-rest\src\test\resources
2024-03-15 00:00:30,255 [Worker-35: Building] INFO  o.a.m.s.f.DefaultMavenResourcesFiltering - Copying 1 resource from src\main\resources to target\classes
2024-03-15 00:00:30,261 [Worker-35: Building] INFO  o.a.m.s.f.DefaultMavenResourcesFiltering - Copying 1 resource from src\main\resources to target\classes
2024-03-15 00:00:30,266 [Worker-35: Building] INFO  o.a.m.s.f.DefaultMavenResourcesFiltering - skip non existing resourceDirectory C:\Users\ayoub\Documents\docker\real-estate\real-estate-rest\src\test\resources
2024-03-15 00:09:47,363 [Worker-31: Building] INFO  o.e.m.c.i.l.LifecycleMappingFactory - Using org.eclipse.m2e.jdt.JarLifecycleMapping lifecycle mapping for MavenProject: com.ayoub.real_estate:rest:0.0.1-SNAPSHOT @ C:\Users\ayoub\Documents\docker\real-estate\real-estate-rest\pom.xml.
2024-03-15 00:09:48,991 [Worker-31: Building] INFO  o.a.m.s.f.DefaultMavenResourcesFiltering - Copying 1 resource from src\main\resources to target\classes
2024-03-15 00:09:49,584 [Worker-31: Building] INFO  o.a.m.s.f.DefaultMavenResourcesFiltering - Copying 0 resource from src\main\resources to target\classes
2024-03-15 00:09:49,591 [Worker-31: Building] INFO  o.a.m.s.f.DefaultMavenResourcesFiltering - skip non existing resourceDirectory C:\Users\ayoub\Documents\docker\real-estate\real-estate-rest\src\test\resources
2024-03-15 00:09:56,682 [Worker-37: Launching real-estate-rest - RealEstateRestApplication] INFO  o.a.m.s.f.DefaultMavenResourcesFiltering - Copying 1 resource from src\main\resources to target\classes
2024-03-15 00:09:56,699 [Worker-37: Launching real-estate-rest - RealEstateRestApplication] INFO  o.a.m.s.f.DefaultMavenResourcesFiltering - Copying 0 resource from src\main\resources to target\classes
2024-03-15 00:09:56,710 [Worker-37: Launching real-estate-rest - RealEstateRestApplication] INFO  o.a.m.s.f.DefaultMavenResourcesFiltering - skip non existing resourceDirectory C:\Users\ayoub\Documents\docker\real-estate\real-estate-rest\src\test\resources
2024-03-15 00:10:21,867 [Worker-41: Building] INFO  o.a.m.s.f.DefaultMavenResourcesFiltering - Copying 1 resource from src\main\resources to target\classes
2024-03-15 00:10:21,885 [Worker-41: Building] INFO  o.a.m.s.f.DefaultMavenResourcesFiltering - Copying 0 resource from src\main\resources to target\classes
2024-03-15 00:10:21,890 [Worker-41: Building] INFO  o.a.m.s.f.DefaultMavenResourcesFiltering - skip non existing resourceDirectory C:\Users\ayoub\Documents\docker\real-estate\real-estate-rest\src\test\resources
2024-03-15 00:32:26,102 [Worker-43: Building] INFO  o.e.m.c.i.l.LifecycleMappingFactory - Using org.eclipse.m2e.jdt.JarLifecycleMapping lifecycle mapping for MavenProject: com.ayoub:real-estate-business:0.0.1-SNAPSHOT @ C:\Users\ayoub\Documents\docker\real-estate\real-estate-business\pom.xml.
2024-03-15 00:32:27,310 [Worker-43: Building] INFO  o.a.m.s.f.DefaultMavenResourcesFiltering - Copying 4 resources from src\main\resources to target\classes
2024-03-15 00:32:27,328 [Worker-43: Building] INFO  o.a.m.s.f.DefaultMavenResourcesFiltering - skip non existing resourceDirectory C:\Users\ayoub\Documents\docker\real-estate\real-estate-business\src\test\resources
2024-03-15 00:33:01,630 [Worker-48: Building] INFO  o.e.m.c.i.l.LifecycleMappingFactory - Using org.eclipse.m2e.jdt.JarLifecycleMapping lifecycle mapping for MavenProject: com.ayoub:real-estate-modules:0.0.1-SNAPSHOT @ C:\Users\ayoub\Documents\docker\real-estate\real-estate-modules\pom.xml.
2024-03-15 00:33:01,799 [Worker-48: Building] INFO  o.a.m.s.f.DefaultMavenResourcesFiltering - Copying 1 resource from src\main\resources to target\classes
2024-03-15 00:33:01,804 [Worker-48: Building] INFO  o.a.m.s.f.DefaultMavenResourcesFiltering - skip non existing resourceDirectory C:\Users\ayoub\Documents\docker\real-estate\real-estate-modules\src\test\resources
2024-03-15 00:33:22,673 [Worker-45: Building] INFO  o.a.m.s.f.DefaultMavenResourcesFiltering - Copying 2 resources from src\main\resources to target\classes
2024-03-15 00:33:22,836 [Worker-45: Building] INFO  o.a.m.s.f.DefaultMavenResourcesFiltering - skip non existing resourceDirectory C:\Users\ayoub\Documents\docker\real-estate\real-estate-modules\src\test\resources
2024-03-15 00:33:33,477 [Worker-49: Building] INFO  o.a.m.s.f.DefaultMavenResourcesFiltering - Copying 2 resources from src\main\resources to target\classes
2024-03-15 00:33:33,492 [Worker-49: Building] INFO  o.a.m.s.f.DefaultMavenResourcesFiltering - skip non existing resourceDirectory C:\Users\ayoub\Documents\docker\real-estate\real-estate-modules\src\test\resources
2024-03-15 00:43:35,465 [Stop Help Server] INFO  org.eclipse.jetty.server.Server - Stopped oejs.Server@6d51863{STOPPING}[12.0.3,sto=0]
2024-03-15 00:43:35,474 [Stop Help Server] INFO  o.e.jetty.server.AbstractConnector - Stopped ServerConnector@50e1e359{HTTP/1.1, (http/1.1)}{127.0.0.1:0}
2024-03-15 00:48:43,754 [Worker-3: Loading available Gradle versions] INFO  o.e.b.c.i.u.g.PublishedGradleVersions - Gradle version information cache is up-to-date. Trying to read.
2024-03-15 00:49:34,484 [Worker-0: Building] INFO  o.a.m.s.f.DefaultMavenResourcesFiltering - Copying 1 resource from src\main\resources to target\classes
2024-03-15 00:49:34,567 [Worker-0: Building] INFO  o.a.m.s.f.DefaultMavenResourcesFiltering - Copying 0 resource from src\main\resources to target\classes
2024-03-15 00:49:34,583 [Worker-0: Building] INFO  o.a.m.s.f.DefaultMavenResourcesFiltering - Copying 0 resource from src\test\resources to target\test-classes
2024-03-15 00:50:32,032 [main] INFO  o.e.m2e.actions.ExecutePomAction - Creating new launch configuration
2024-03-15 00:50:43,446 [Worker-6: Launching real-estate-modules] INFO  o.eclipse.m2e.core.internal.Bundles - getClasspathEntries(Bundle=org.eclipse.m2e.maven.runtime_3.9.500.20231113-2345 [346])
2024-03-15 00:50:43,451 [Worker-6: Launching real-estate-modules] INFO  o.eclipse.m2e.core.internal.Bundles - 	Entry: C:\Users\ayoub\Downloads\sts-4.21.1.RELEASE\plugins\org.eclipse.m2e.maven.runtime_3.9.500.20231113-2345
2024-03-15 00:50:43,454 [Worker-6: Launching real-estate-modules] INFO  o.eclipse.m2e.core.internal.Bundles - 	Entry: C:\Users\ayoub\Downloads\sts-4.21.1.RELEASE\plugins\org.eclipse.m2e.maven.runtime_3.9.500.20231113-2345\jars\aopalliance-1.0.jar
2024-03-15 00:50:43,454 [Worker-6: Launching real-estate-modules] INFO  o.eclipse.m2e.core.internal.Bundles - 	Entry: C:\Users\ayoub\Downloads\sts-4.21.1.RELEASE\plugins\org.eclipse.m2e.maven.runtime_3.9.500.20231113-2345\jars\guice-5.1.0.jar
2024-03-15 00:50:43,455 [Worker-6: Launching real-estate-modules] INFO  o.eclipse.m2e.core.internal.Bundles - 	Entry: C:\Users\ayoub\Downloads\sts-4.21.1.RELEASE\plugins\org.eclipse.m2e.maven.runtime_3.9.500.20231113-2345\jars\httpclient-4.5.14.jar
2024-03-15 00:50:43,456 [Worker-6: Launching real-estate-modules] INFO  o.eclipse.m2e.core.internal.Bundles - 	Entry: C:\Users\ayoub\Downloads\sts-4.21.1.RELEASE\plugins\org.eclipse.m2e.maven.runtime_3.9.500.20231113-2345\jars\httpcore-4.4.16.jar
2024-03-15 00:50:43,457 [Worker-6: Launching real-estate-modules] INFO  o.eclipse.m2e.core.internal.Bundles - 	Entry: C:\Users\ayoub\Downloads\sts-4.21.1.RELEASE\plugins\org.eclipse.m2e.maven.runtime_3.9.500.20231113-2345\jars\jansi-2.4.0.jar
2024-03-15 00:50:43,458 [Worker-6: Launching real-estate-modules] INFO  o.eclipse.m2e.core.internal.Bundles - 	Entry: C:\Users\ayoub\Downloads\sts-4.21.1.RELEASE\plugins\org.eclipse.m2e.maven.runtime_3.9.500.20231113-2345\jars\jcl-over-slf4j-1.7.36.jar
2024-03-15 00:50:43,459 [Worker-6: Launching real-estate-modules] INFO  o.eclipse.m2e.core.internal.Bundles - 	Entry: C:\Users\ayoub\Downloads\sts-4.21.1.RELEASE\plugins\org.eclipse.m2e.maven.runtime_3.9.500.20231113-2345\jars\maven-artifact-3.9.5.jar
2024-03-15 00:50:43,460 [Worker-6: Launching real-estate-modules] INFO  o.eclipse.m2e.core.internal.Bundles - 	Entry: C:\Users\ayoub\Downloads\sts-4.21.1.RELEASE\plugins\org.eclipse.m2e.maven.runtime_3.9.500.20231113-2345\jars\maven-builder-support-3.9.5.jar
2024-03-15 00:50:43,464 [Worker-6: Launching real-estate-modules] INFO  o.eclipse.m2e.core.internal.Bundles - 	Entry: C:\Users\ayoub\Downloads\sts-4.21.1.RELEASE\plugins\org.eclipse.m2e.maven.runtime_3.9.500.20231113-2345\jars\maven-compat-3.9.5.jar
2024-03-15 00:50:43,464 [Worker-6: Launching real-estate-modules] INFO  o.eclipse.m2e.core.internal.Bundles - 	Entry: C:\Users\ayoub\Downloads\sts-4.21.1.RELEASE\plugins\org.eclipse.m2e.maven.runtime_3.9.500.20231113-2345\jars\maven-core-3.9.5.jar
2024-03-15 00:50:43,465 [Worker-6: Launching real-estate-modules] INFO  o.eclipse.m2e.core.internal.Bundles - 	Entry: C:\Users\ayoub\Downloads\sts-4.21.1.RELEASE\plugins\org.eclipse.m2e.maven.runtime_3.9.500.20231113-2345\jars\maven-embedder-3.9.5.jar
2024-03-15 00:50:43,465 [Worker-6: Launching real-estate-modules] INFO  o.eclipse.m2e.core.internal.Bundles - 	Entry: C:\Users\ayoub\Downloads\sts-4.21.1.RELEASE\plugins\org.eclipse.m2e.maven.runtime_3.9.500.20231113-2345\jars\maven-model-3.9.5.jar
2024-03-15 00:50:43,466 [Worker-6: Launching real-estate-modules] INFO  o.eclipse.m2e.core.internal.Bundles - 	Entry: C:\Users\ayoub\Downloads\sts-4.21.1.RELEASE\plugins\org.eclipse.m2e.maven.runtime_3.9.500.20231113-2345\jars\maven-model-builder-3.9.5.jar
2024-03-15 00:50:43,467 [Worker-6: Launching real-estate-modules] INFO  o.eclipse.m2e.core.internal.Bundles - 	Entry: C:\Users\ayoub\Downloads\sts-4.21.1.RELEASE\plugins\org.eclipse.m2e.maven.runtime_3.9.500.20231113-2345\jars\maven-plugin-api-3.9.5.jar
2024-03-15 00:50:43,467 [Worker-6: Launching real-estate-modules] INFO  o.eclipse.m2e.core.internal.Bundles - 	Entry: C:\Users\ayoub\Downloads\sts-4.21.1.RELEASE\plugins\org.eclipse.m2e.maven.runtime_3.9.500.20231113-2345\jars\maven-repository-metadata-3.9.5.jar
2024-03-15 00:50:43,468 [Worker-6: Launching real-estate-modules] INFO  o.eclipse.m2e.core.internal.Bundles - 	Entry: C:\Users\ayoub\Downloads\sts-4.21.1.RELEASE\plugins\org.eclipse.m2e.maven.runtime_3.9.500.20231113-2345\jars\maven-resolver-api-1.9.16.jar
2024-03-15 00:50:43,468 [Worker-6: Launching real-estate-modules] INFO  o.eclipse.m2e.core.internal.Bundles - 	Entry: C:\Users\ayoub\Downloads\sts-4.21.1.RELEASE\plugins\org.eclipse.m2e.maven.runtime_3.9.500.20231113-2345\jars\maven-resolver-connector-basic-1.9.16.jar
2024-03-15 00:50:43,469 [Worker-6: Launching real-estate-modules] INFO  o.eclipse.m2e.core.internal.Bundles - 	Entry: C:\Users\ayoub\Downloads\sts-4.21.1.RELEASE\plugins\org.eclipse.m2e.maven.runtime_3.9.500.20231113-2345\jars\maven-resolver-impl-1.9.16.jar
2024-03-15 00:50:43,470 [Worker-6: Launching real-estate-modules] INFO  o.eclipse.m2e.core.internal.Bundles - 	Entry: C:\Users\ayoub\Downloads\sts-4.21.1.RELEASE\plugins\org.eclipse.m2e.maven.runtime_3.9.500.20231113-2345\jars\maven-resolver-named-locks-1.9.16.jar
2024-03-15 00:50:43,471 [Worker-6: Launching real-estate-modules] INFO  o.eclipse.m2e.core.internal.Bundles - 	Entry: C:\Users\ayoub\Downloads\sts-4.21.1.RELEASE\plugins\org.eclipse.m2e.maven.runtime_3.9.500.20231113-2345\jars\maven-resolver-provider-3.9.5.jar
2024-03-15 00:50:43,473 [Worker-6: Launching real-estate-modules] INFO  o.eclipse.m2e.core.internal.Bundles - 	Entry: C:\Users\ayoub\Downloads\sts-4.21.1.RELEASE\plugins\org.eclipse.m2e.maven.runtime_3.9.500.20231113-2345\jars\maven-resolver-spi-1.9.16.jar
2024-03-15 00:50:43,473 [Worker-6: Launching real-estate-modules] INFO  o.eclipse.m2e.core.internal.Bundles - 	Entry: C:\Users\ayoub\Downloads\sts-4.21.1.RELEASE\plugins\org.eclipse.m2e.maven.runtime_3.9.500.20231113-2345\jars\maven-resolver-transport-file-1.9.16.jar
2024-03-15 00:50:43,474 [Worker-6: Launching real-estate-modules] INFO  o.eclipse.m2e.core.internal.Bundles - 	Entry: C:\Users\ayoub\Downloads\sts-4.21.1.RELEASE\plugins\org.eclipse.m2e.maven.runtime_3.9.500.20231113-2345\jars\maven-resolver-transport-http-1.9.16.jar
2024-03-15 00:50:43,475 [Worker-6: Launching real-estate-modules] INFO  o.eclipse.m2e.core.internal.Bundles - 	Entry: C:\Users\ayoub\Downloads\sts-4.21.1.RELEASE\plugins\org.eclipse.m2e.maven.runtime_3.9.500.20231113-2345\jars\maven-resolver-transport-wagon-1.9.16.jar
2024-03-15 00:50:43,475 [Worker-6: Launching real-estate-modules] INFO  o.eclipse.m2e.core.internal.Bundles - 	Entry: C:\Users\ayoub\Downloads\sts-4.21.1.RELEASE\plugins\org.eclipse.m2e.maven.runtime_3.9.500.20231113-2345\jars\maven-resolver-util-1.9.16.jar
2024-03-15 00:50:43,476 [Worker-6: Launching real-estate-modules] INFO  o.eclipse.m2e.core.internal.Bundles - 	Entry: C:\Users\ayoub\Downloads\sts-4.21.1.RELEASE\plugins\org.eclipse.m2e.maven.runtime_3.9.500.20231113-2345\jars\maven-settings-3.9.5.jar
2024-03-15 00:50:43,477 [Worker-6: Launching real-estate-modules] INFO  o.eclipse.m2e.core.internal.Bundles - 	Entry: C:\Users\ayoub\Downloads\sts-4.21.1.RELEASE\plugins\org.eclipse.m2e.maven.runtime_3.9.500.20231113-2345\jars\maven-settings-builder-3.9.5.jar
2024-03-15 00:50:43,480 [Worker-6: Launching real-estate-modules] INFO  o.eclipse.m2e.core.internal.Bundles - 	Entry: C:\Users\ayoub\Downloads\sts-4.21.1.RELEASE\plugins\org.eclipse.m2e.maven.runtime_3.9.500.20231113-2345\jars\maven-shared-utils-3.3.4.jar
2024-03-15 00:50:43,481 [Worker-6: Launching real-estate-modules] INFO  o.eclipse.m2e.core.internal.Bundles - 	Entry: C:\Users\ayoub\Downloads\sts-4.21.1.RELEASE\plugins\org.eclipse.m2e.maven.runtime_3.9.500.20231113-2345\jars\org.eclipse.sisu.inject-0.3.5.jar
2024-03-15 00:50:43,482 [Worker-6: Launching real-estate-modules] INFO  o.eclipse.m2e.core.internal.Bundles - 	Entry: C:\Users\ayoub\Downloads\sts-4.21.1.RELEASE\plugins\org.eclipse.m2e.maven.runtime_3.9.500.20231113-2345\jars\org.eclipse.sisu.plexus-0.3.5.jar
2024-03-15 00:50:43,484 [Worker-6: Launching real-estate-modules] INFO  o.eclipse.m2e.core.internal.Bundles - 	Entry: C:\Users\ayoub\Downloads\sts-4.21.1.RELEASE\plugins\org.eclipse.m2e.maven.runtime_3.9.500.20231113-2345\jars\plexus-build-api-0.0.7.jar
2024-03-15 00:50:43,484 [Worker-6: Launching real-estate-modules] INFO  o.eclipse.m2e.core.internal.Bundles - 	Entry: C:\Users\ayoub\Downloads\sts-4.21.1.RELEASE\plugins\org.eclipse.m2e.maven.runtime_3.9.500.20231113-2345\jars\plexus-cipher-2.0.jar
2024-03-15 00:50:43,485 [Worker-6: Launching real-estate-modules] INFO  o.eclipse.m2e.core.internal.Bundles - 	Entry: C:\Users\ayoub\Downloads\sts-4.21.1.RELEASE\plugins\org.eclipse.m2e.maven.runtime_3.9.500.20231113-2345\jars\plexus-classworlds-2.7.0.jar
2024-03-15 00:50:43,486 [Worker-6: Launching real-estate-modules] INFO  o.eclipse.m2e.core.internal.Bundles - 	Entry: C:\Users\ayoub\Downloads\sts-4.21.1.RELEASE\plugins\org.eclipse.m2e.maven.runtime_3.9.500.20231113-2345\jars\plexus-component-annotations-2.1.0.jar
2024-03-15 00:50:43,487 [Worker-6: Launching real-estate-modules] INFO  o.eclipse.m2e.core.internal.Bundles - 	Entry: C:\Users\ayoub\Downloads\sts-4.21.1.RELEASE\plugins\org.eclipse.m2e.maven.runtime_3.9.500.20231113-2345\jars\plexus-interpolation-1.26.jar
2024-03-15 00:50:43,487 [Worker-6: Launching real-estate-modules] INFO  o.eclipse.m2e.core.internal.Bundles - 	Entry: C:\Users\ayoub\Downloads\sts-4.21.1.RELEASE\plugins\org.eclipse.m2e.maven.runtime_3.9.500.20231113-2345\jars\plexus-sec-dispatcher-2.0.jar
2024-03-15 00:50:43,488 [Worker-6: Launching real-estate-modules] INFO  o.eclipse.m2e.core.internal.Bundles - 	Entry: C:\Users\ayoub\Downloads\sts-4.21.1.RELEASE\plugins\org.eclipse.m2e.maven.runtime_3.9.500.20231113-2345\jars\plexus-utils-3.5.1.jar
2024-03-15 00:50:43,488 [Worker-6: Launching real-estate-modules] INFO  o.eclipse.m2e.core.internal.Bundles - 	Entry: C:\Users\ayoub\Downloads\sts-4.21.1.RELEASE\plugins\org.eclipse.m2e.maven.runtime_3.9.500.20231113-2345\jars\wagon-file-3.5.3.jar
2024-03-15 00:50:43,489 [Worker-6: Launching real-estate-modules] INFO  o.eclipse.m2e.core.internal.Bundles - 	Entry: C:\Users\ayoub\Downloads\sts-4.21.1.RELEASE\plugins\org.eclipse.m2e.maven.runtime_3.9.500.20231113-2345\jars\wagon-http-3.5.3.jar
2024-03-15 00:50:43,490 [Worker-6: Launching real-estate-modules] INFO  o.eclipse.m2e.core.internal.Bundles - 	Entry: C:\Users\ayoub\Downloads\sts-4.21.1.RELEASE\plugins\org.eclipse.m2e.maven.runtime_3.9.500.20231113-2345\jars\wagon-http-shared-3.5.3.jar
2024-03-15 00:50:43,490 [Worker-6: Launching real-estate-modules] INFO  o.eclipse.m2e.core.internal.Bundles - 	Entry: C:\Users\ayoub\Downloads\sts-4.21.1.RELEASE\plugins\org.eclipse.m2e.maven.runtime_3.9.500.20231113-2345\jars\wagon-provider-api-3.5.3.jar
2024-03-15 00:50:43,494 [Worker-6: Launching real-estate-modules] INFO  o.eclipse.m2e.core.internal.Bundles - getClasspathEntries(Bundle=com.google.guava_33.0.0.jre [25])
2024-03-15 00:50:43,495 [Worker-6: Launching real-estate-modules] INFO  o.eclipse.m2e.core.internal.Bundles - 	Entry: C:\Users\ayoub\Downloads\sts-4.21.1.RELEASE\plugins\com.google.guava_33.0.0.jre.jar
2024-03-15 00:50:43,495 [Worker-6: Launching real-estate-modules] INFO  o.eclipse.m2e.core.internal.Bundles - getClasspathEntries(Bundle=slf4j.api_2.0.9 [573])
2024-03-15 00:50:43,497 [Worker-6: Launching real-estate-modules] INFO  o.eclipse.m2e.core.internal.Bundles - 	Entry: C:\Users\ayoub\Downloads\sts-4.21.1.RELEASE\plugins\slf4j.api_2.0.9.jar
2024-03-15 00:50:43,498 [Worker-6: Launching real-estate-modules] INFO  o.eclipse.m2e.core.internal.Bundles - getClasspathEntries(Bundle=jakarta.inject.jakarta.inject-api_1.0.5 [41])
2024-03-15 00:50:43,499 [Worker-6: Launching real-estate-modules] INFO  o.eclipse.m2e.core.internal.Bundles - 	Entry: C:\Users\ayoub\Downloads\sts-4.21.1.RELEASE\plugins\jakarta.inject.jakarta.inject-api_1.0.5.jar
2024-03-15 00:50:43,500 [Worker-6: Launching real-estate-modules] INFO  o.eclipse.m2e.core.internal.Bundles - getClasspathEntries(Bundle=jakarta.annotation-api_1.3.5 [37])
2024-03-15 00:50:43,501 [Worker-6: Launching real-estate-modules] INFO  o.eclipse.m2e.core.internal.Bundles - 	Entry: C:\Users\ayoub\Downloads\sts-4.21.1.RELEASE\plugins\jakarta.annotation-api_1.3.5.jar
2024-03-15 00:50:43,501 [Worker-6: Launching real-estate-modules] INFO  o.eclipse.m2e.core.internal.Bundles - getClasspathEntries(Bundle=org.apache.commons.cli_1.6.0 [71])
2024-03-15 00:50:43,502 [Worker-6: Launching real-estate-modules] INFO  o.eclipse.m2e.core.internal.Bundles - 	Entry: C:\Users\ayoub\Downloads\sts-4.21.1.RELEASE\plugins\org.apache.commons.cli_1.6.0.jar
2024-03-15 00:50:43,503 [Worker-6: Launching real-estate-modules] INFO  o.eclipse.m2e.core.internal.Bundles - getClasspathEntries(Bundle=org.apache.commons.commons-codec_1.16.0 [73])
2024-03-15 00:50:43,504 [Worker-6: Launching real-estate-modules] INFO  o.eclipse.m2e.core.internal.Bundles - 	Entry: C:\Users\ayoub\Downloads\sts-4.21.1.RELEASE\plugins\org.apache.commons.commons-codec_1.16.0.jar
2024-03-15 00:50:43,505 [Worker-6: Launching real-estate-modules] INFO  o.eclipse.m2e.core.internal.Bundles - getClasspathEntries(Bundle=org.apache.commons.lang3_3.13.0 [77])
2024-03-15 00:50:43,506 [Worker-6: Launching real-estate-modules] INFO  o.eclipse.m2e.core.internal.Bundles - 	Entry: C:\Users\ayoub\Downloads\sts-4.21.1.RELEASE\plugins\org.apache.commons.lang3_3.13.0.jar
2024-03-15 00:50:43,506 [Worker-6: Launching real-estate-modules] INFO  o.eclipse.m2e.core.internal.Bundles - getClasspathEntries(Bundle=com.google.guava.failureaccess_1.0.2 [27])
2024-03-15 00:50:43,507 [Worker-6: Launching real-estate-modules] INFO  o.eclipse.m2e.core.internal.Bundles - 	Entry: C:\Users\ayoub\Downloads\sts-4.21.1.RELEASE\plugins\com.google.guava.failureaccess_1.0.2.jar
2024-03-15 00:50:43,516 [Worker-6: Launching real-estate-modules] INFO  o.e.m.i.launch.MavenLaunchDelegate - Run build in "C:\Users\ayoub\Documents\docker\real-estate\real-estate-modules":
2024-03-15 00:50:43,517 [Worker-6: Launching real-estate-modules] INFO  o.e.m.i.launch.MavenLaunchDelegate -  mvn  -B -Dstyle.color=always package
2024-03-15 00:51:03,093 [main] INFO  o.e.m2e.actions.ExecutePomAction - Creating new launch configuration
2024-03-15 00:51:07,193 [Worker-9: Launching real-estate-business] INFO  o.eclipse.m2e.core.internal.Bundles - getClasspathEntries(Bundle=org.eclipse.m2e.maven.runtime_3.9.500.20231113-2345 [346])
2024-03-15 00:51:07,194 [Worker-9: Launching real-estate-business] INFO  o.eclipse.m2e.core.internal.Bundles - 	Entry: C:\Users\ayoub\Downloads\sts-4.21.1.RELEASE\plugins\org.eclipse.m2e.maven.runtime_3.9.500.20231113-2345
2024-03-15 00:51:07,196 [Worker-9: Launching real-estate-business] INFO  o.eclipse.m2e.core.internal.Bundles - 	Entry: C:\Users\ayoub\Downloads\sts-4.21.1.RELEASE\plugins\org.eclipse.m2e.maven.runtime_3.9.500.20231113-2345\jars\aopalliance-1.0.jar
2024-03-15 00:51:07,198 [Worker-9: Launching real-estate-business] INFO  o.eclipse.m2e.core.internal.Bundles - 	Entry: C:\Users\ayoub\Downloads\sts-4.21.1.RELEASE\plugins\org.eclipse.m2e.maven.runtime_3.9.500.20231113-2345\jars\guice-5.1.0.jar
2024-03-15 00:51:07,198 [Worker-9: Launching real-estate-business] INFO  o.eclipse.m2e.core.internal.Bundles - 	Entry: C:\Users\ayoub\Downloads\sts-4.21.1.RELEASE\plugins\org.eclipse.m2e.maven.runtime_3.9.500.20231113-2345\jars\httpclient-4.5.14.jar
2024-03-15 00:51:07,198 [Worker-9: Launching real-estate-business] INFO  o.eclipse.m2e.core.internal.Bundles - 	Entry: C:\Users\ayoub\Downloads\sts-4.21.1.RELEASE\plugins\org.eclipse.m2e.maven.runtime_3.9.500.20231113-2345\jars\httpcore-4.4.16.jar
2024-03-15 00:51:07,198 [Worker-9: Launching real-estate-business] INFO  o.eclipse.m2e.core.internal.Bundles - 	Entry: C:\Users\ayoub\Downloads\sts-4.21.1.RELEASE\plugins\org.eclipse.m2e.maven.runtime_3.9.500.20231113-2345\jars\jansi-2.4.0.jar
2024-03-15 00:51:07,199 [Worker-9: Launching real-estate-business] INFO  o.eclipse.m2e.core.internal.Bundles - 	Entry: C:\Users\ayoub\Downloads\sts-4.21.1.RELEASE\plugins\org.eclipse.m2e.maven.runtime_3.9.500.20231113-2345\jars\jcl-over-slf4j-1.7.36.jar
2024-03-15 00:51:07,200 [Worker-9: Launching real-estate-business] INFO  o.eclipse.m2e.core.internal.Bundles - 	Entry: C:\Users\ayoub\Downloads\sts-4.21.1.RELEASE\plugins\org.eclipse.m2e.maven.runtime_3.9.500.20231113-2345\jars\maven-artifact-3.9.5.jar
2024-03-15 00:51:07,201 [Worker-9: Launching real-estate-business] INFO  o.eclipse.m2e.core.internal.Bundles - 	Entry: C:\Users\ayoub\Downloads\sts-4.21.1.RELEASE\plugins\org.eclipse.m2e.maven.runtime_3.9.500.20231113-2345\jars\maven-builder-support-3.9.5.jar
2024-03-15 00:51:07,201 [Worker-9: Launching real-estate-business] INFO  o.eclipse.m2e.core.internal.Bundles - 	Entry: C:\Users\ayoub\Downloads\sts-4.21.1.RELEASE\plugins\org.eclipse.m2e.maven.runtime_3.9.500.20231113-2345\jars\maven-compat-3.9.5.jar
2024-03-15 00:51:07,202 [Worker-9: Launching real-estate-business] INFO  o.eclipse.m2e.core.internal.Bundles - 	Entry: C:\Users\ayoub\Downloads\sts-4.21.1.RELEASE\plugins\org.eclipse.m2e.maven.runtime_3.9.500.20231113-2345\jars\maven-core-3.9.5.jar
2024-03-15 00:51:07,202 [Worker-9: Launching real-estate-business] INFO  o.eclipse.m2e.core.internal.Bundles - 	Entry: C:\Users\ayoub\Downloads\sts-4.21.1.RELEASE\plugins\org.eclipse.m2e.maven.runtime_3.9.500.20231113-2345\jars\maven-embedder-3.9.5.jar
2024-03-15 00:51:07,202 [Worker-9: Launching real-estate-business] INFO  o.eclipse.m2e.core.internal.Bundles - 	Entry: C:\Users\ayoub\Downloads\sts-4.21.1.RELEASE\plugins\org.eclipse.m2e.maven.runtime_3.9.500.20231113-2345\jars\maven-model-3.9.5.jar
2024-03-15 00:51:07,203 [Worker-9: Launching real-estate-business] INFO  o.eclipse.m2e.core.internal.Bundles - 	Entry: C:\Users\ayoub\Downloads\sts-4.21.1.RELEASE\plugins\org.eclipse.m2e.maven.runtime_3.9.500.20231113-2345\jars\maven-model-builder-3.9.5.jar
2024-03-15 00:51:07,203 [Worker-9: Launching real-estate-business] INFO  o.eclipse.m2e.core.internal.Bundles - 	Entry: C:\Users\ayoub\Downloads\sts-4.21.1.RELEASE\plugins\org.eclipse.m2e.maven.runtime_3.9.500.20231113-2345\jars\maven-plugin-api-3.9.5.jar
2024-03-15 00:51:07,203 [Worker-9: Launching real-estate-business] INFO  o.eclipse.m2e.core.internal.Bundles - 	Entry: C:\Users\ayoub\Downloads\sts-4.21.1.RELEASE\plugins\org.eclipse.m2e.maven.runtime_3.9.500.20231113-2345\jars\maven-repository-metadata-3.9.5.jar
2024-03-15 00:51:07,217 [Worker-9: Launching real-estate-business] INFO  o.eclipse.m2e.core.internal.Bundles - 	Entry: C:\Users\ayoub\Downloads\sts-4.21.1.RELEASE\plugins\org.eclipse.m2e.maven.runtime_3.9.500.20231113-2345\jars\maven-resolver-api-1.9.16.jar
2024-03-15 00:51:07,221 [Worker-9: Launching real-estate-business] INFO  o.eclipse.m2e.core.internal.Bundles - 	Entry: C:\Users\ayoub\Downloads\sts-4.21.1.RELEASE\plugins\org.eclipse.m2e.maven.runtime_3.9.500.20231113-2345\jars\maven-resolver-connector-basic-1.9.16.jar
2024-03-15 00:51:07,226 [Worker-9: Launching real-estate-business] INFO  o.eclipse.m2e.core.internal.Bundles - 	Entry: C:\Users\ayoub\Downloads\sts-4.21.1.RELEASE\plugins\org.eclipse.m2e.maven.runtime_3.9.500.20231113-2345\jars\maven-resolver-impl-1.9.16.jar
2024-03-15 00:51:07,228 [Worker-9: Launching real-estate-business] INFO  o.eclipse.m2e.core.internal.Bundles - 	Entry: C:\Users\ayoub\Downloads\sts-4.21.1.RELEASE\plugins\org.eclipse.m2e.maven.runtime_3.9.500.20231113-2345\jars\maven-resolver-named-locks-1.9.16.jar
2024-03-15 00:51:07,232 [Worker-9: Launching real-estate-business] INFO  o.eclipse.m2e.core.internal.Bundles - 	Entry: C:\Users\ayoub\Downloads\sts-4.21.1.RELEASE\plugins\org.eclipse.m2e.maven.runtime_3.9.500.20231113-2345\jars\maven-resolver-provider-3.9.5.jar
2024-03-15 00:51:07,233 [Worker-9: Launching real-estate-business] INFO  o.eclipse.m2e.core.internal.Bundles - 	Entry: C:\Users\ayoub\Downloads\sts-4.21.1.RELEASE\plugins\org.eclipse.m2e.maven.runtime_3.9.500.20231113-2345\jars\maven-resolver-spi-1.9.16.jar
2024-03-15 00:51:07,234 [Worker-9: Launching real-estate-business] INFO  o.eclipse.m2e.core.internal.Bundles - 	Entry: C:\Users\ayoub\Downloads\sts-4.21.1.RELEASE\plugins\org.eclipse.m2e.maven.runtime_3.9.500.20231113-2345\jars\maven-resolver-transport-file-1.9.16.jar
2024-03-15 00:51:07,237 [Worker-9: Launching real-estate-business] INFO  o.eclipse.m2e.core.internal.Bundles - 	Entry: C:\Users\ayoub\Downloads\sts-4.21.1.RELEASE\plugins\org.eclipse.m2e.maven.runtime_3.9.500.20231113-2345\jars\maven-resolver-transport-http-1.9.16.jar
2024-03-15 00:51:07,238 [Worker-9: Launching real-estate-business] INFO  o.eclipse.m2e.core.internal.Bundles - 	Entry: C:\Users\ayoub\Downloads\sts-4.21.1.RELEASE\plugins\org.eclipse.m2e.maven.runtime_3.9.500.20231113-2345\jars\maven-resolver-transport-wagon-1.9.16.jar
2024-03-15 00:51:07,239 [Worker-9: Launching real-estate-business] INFO  o.eclipse.m2e.core.internal.Bundles - 	Entry: C:\Users\ayoub\Downloads\sts-4.21.1.RELEASE\plugins\org.eclipse.m2e.maven.runtime_3.9.500.20231113-2345\jars\maven-resolver-util-1.9.16.jar
2024-03-15 00:51:07,240 [Worker-9: Launching real-estate-business] INFO  o.eclipse.m2e.core.internal.Bundles - 	Entry: C:\Users\ayoub\Downloads\sts-4.21.1.RELEASE\plugins\org.eclipse.m2e.maven.runtime_3.9.500.20231113-2345\jars\maven-settings-3.9.5.jar
2024-03-15 00:51:07,240 [Worker-9: Launching real-estate-business] INFO  o.eclipse.m2e.core.internal.Bundles - 	Entry: C:\Users\ayoub\Downloads\sts-4.21.1.RELEASE\plugins\org.eclipse.m2e.maven.runtime_3.9.500.20231113-2345\jars\maven-settings-builder-3.9.5.jar
2024-03-15 00:51:07,244 [Worker-9: Launching real-estate-business] INFO  o.eclipse.m2e.core.internal.Bundles - 	Entry: C:\Users\ayoub\Downloads\sts-4.21.1.RELEASE\plugins\org.eclipse.m2e.maven.runtime_3.9.500.20231113-2345\jars\maven-shared-utils-3.3.4.jar
2024-03-15 00:51:07,247 [Worker-9: Launching real-estate-business] INFO  o.eclipse.m2e.core.internal.Bundles - 	Entry: C:\Users\ayoub\Downloads\sts-4.21.1.RELEASE\plugins\org.eclipse.m2e.maven.runtime_3.9.500.20231113-2345\jars\org.eclipse.sisu.inject-0.3.5.jar
2024-03-15 00:51:07,249 [Worker-9: Launching real-estate-business] INFO  o.eclipse.m2e.core.internal.Bundles - 	Entry: C:\Users\ayoub\Downloads\sts-4.21.1.RELEASE\plugins\org.eclipse.m2e.maven.runtime_3.9.500.20231113-2345\jars\org.eclipse.sisu.plexus-0.3.5.jar
2024-03-15 00:51:07,249 [Worker-9: Launching real-estate-business] INFO  o.eclipse.m2e.core.internal.Bundles - 	Entry: C:\Users\ayoub\Downloads\sts-4.21.1.RELEASE\plugins\org.eclipse.m2e.maven.runtime_3.9.500.20231113-2345\jars\plexus-build-api-0.0.7.jar
2024-03-15 00:51:07,250 [Worker-9: Launching real-estate-business] INFO  o.eclipse.m2e.core.internal.Bundles - 	Entry: C:\Users\ayoub\Downloads\sts-4.21.1.RELEASE\plugins\org.eclipse.m2e.maven.runtime_3.9.500.20231113-2345\jars\plexus-cipher-2.0.jar
2024-03-15 00:51:07,251 [Worker-9: Launching real-estate-business] INFO  o.eclipse.m2e.core.internal.Bundles - 	Entry: C:\Users\ayoub\Downloads\sts-4.21.1.RELEASE\plugins\org.eclipse.m2e.maven.runtime_3.9.500.20231113-2345\jars\plexus-classworlds-2.7.0.jar
2024-03-15 00:51:07,252 [Worker-9: Launching real-estate-business] INFO  o.eclipse.m2e.core.internal.Bundles - 	Entry: C:\Users\ayoub\Downloads\sts-4.21.1.RELEASE\plugins\org.eclipse.m2e.maven.runtime_3.9.500.20231113-2345\jars\plexus-component-annotations-2.1.0.jar
2024-03-15 00:51:07,252 [Worker-9: Launching real-estate-business] INFO  o.eclipse.m2e.core.internal.Bundles - 	Entry: C:\Users\ayoub\Downloads\sts-4.21.1.RELEASE\plugins\org.eclipse.m2e.maven.runtime_3.9.500.20231113-2345\jars\plexus-interpolation-1.26.jar
2024-03-15 00:51:07,253 [Worker-9: Launching real-estate-business] INFO  o.eclipse.m2e.core.internal.Bundles - 	Entry: C:\Users\ayoub\Downloads\sts-4.21.1.RELEASE\plugins\org.eclipse.m2e.maven.runtime_3.9.500.20231113-2345\jars\plexus-sec-dispatcher-2.0.jar
2024-03-15 00:51:07,254 [Worker-9: Launching real-estate-business] INFO  o.eclipse.m2e.core.internal.Bundles - 	Entry: C:\Users\ayoub\Downloads\sts-4.21.1.RELEASE\plugins\org.eclipse.m2e.maven.runtime_3.9.500.20231113-2345\jars\plexus-utils-3.5.1.jar
2024-03-15 00:51:07,255 [Worker-9: Launching real-estate-business] INFO  o.eclipse.m2e.core.internal.Bundles - 	Entry: C:\Users\ayoub\Downloads\sts-4.21.1.RELEASE\plugins\org.eclipse.m2e.maven.runtime_3.9.500.20231113-2345\jars\wagon-file-3.5.3.jar
2024-03-15 00:51:07,256 [Worker-9: Launching real-estate-business] INFO  o.eclipse.m2e.core.internal.Bundles - 	Entry: C:\Users\ayoub\Downloads\sts-4.21.1.RELEASE\plugins\org.eclipse.m2e.maven.runtime_3.9.500.20231113-2345\jars\wagon-http-3.5.3.jar
2024-03-15 00:51:07,257 [Worker-9: Launching real-estate-business] INFO  o.eclipse.m2e.core.internal.Bundles - 	Entry: C:\Users\ayoub\Downloads\sts-4.21.1.RELEASE\plugins\org.eclipse.m2e.maven.runtime_3.9.500.20231113-2345\jars\wagon-http-shared-3.5.3.jar
2024-03-15 00:51:07,260 [Worker-9: Launching real-estate-business] INFO  o.eclipse.m2e.core.internal.Bundles - 	Entry: C:\Users\ayoub\Downloads\sts-4.21.1.RELEASE\plugins\org.eclipse.m2e.maven.runtime_3.9.500.20231113-2345\jars\wagon-provider-api-3.5.3.jar
2024-03-15 00:51:07,261 [Worker-9: Launching real-estate-business] INFO  o.eclipse.m2e.core.internal.Bundles - getClasspathEntries(Bundle=com.google.guava_33.0.0.jre [25])
2024-03-15 00:51:07,262 [Worker-9: Launching real-estate-business] INFO  o.eclipse.m2e.core.internal.Bundles - 	Entry: C:\Users\ayoub\Downloads\sts-4.21.1.RELEASE\plugins\com.google.guava_33.0.0.jre.jar
2024-03-15 00:51:07,264 [Worker-9: Launching real-estate-business] INFO  o.eclipse.m2e.core.internal.Bundles - getClasspathEntries(Bundle=slf4j.api_2.0.9 [573])
2024-03-15 00:51:07,266 [Worker-9: Launching real-estate-business] INFO  o.eclipse.m2e.core.internal.Bundles - 	Entry: C:\Users\ayoub\Downloads\sts-4.21.1.RELEASE\plugins\slf4j.api_2.0.9.jar
2024-03-15 00:51:07,266 [Worker-9: Launching real-estate-business] INFO  o.eclipse.m2e.core.internal.Bundles - getClasspathEntries(Bundle=jakarta.inject.jakarta.inject-api_1.0.5 [41])
2024-03-15 00:51:07,268 [Worker-9: Launching real-estate-business] INFO  o.eclipse.m2e.core.internal.Bundles - 	Entry: C:\Users\ayoub\Downloads\sts-4.21.1.RELEASE\plugins\jakarta.inject.jakarta.inject-api_1.0.5.jar
2024-03-15 00:51:07,268 [Worker-9: Launching real-estate-business] INFO  o.eclipse.m2e.core.internal.Bundles - getClasspathEntries(Bundle=jakarta.annotation-api_1.3.5 [37])
2024-03-15 00:51:07,269 [Worker-9: Launching real-estate-business] INFO  o.eclipse.m2e.core.internal.Bundles - 	Entry: C:\Users\ayoub\Downloads\sts-4.21.1.RELEASE\plugins\jakarta.annotation-api_1.3.5.jar
2024-03-15 00:51:07,269 [Worker-9: Launching real-estate-business] INFO  o.eclipse.m2e.core.internal.Bundles - getClasspathEntries(Bundle=org.apache.commons.cli_1.6.0 [71])
2024-03-15 00:51:07,270 [Worker-9: Launching real-estate-business] INFO  o.eclipse.m2e.core.internal.Bundles - 	Entry: C:\Users\ayoub\Downloads\sts-4.21.1.RELEASE\plugins\org.apache.commons.cli_1.6.0.jar
2024-03-15 00:51:07,271 [Worker-9: Launching real-estate-business] INFO  o.eclipse.m2e.core.internal.Bundles - getClasspathEntries(Bundle=org.apache.commons.commons-codec_1.16.0 [73])
2024-03-15 00:51:07,272 [Worker-9: Launching real-estate-business] INFO  o.eclipse.m2e.core.internal.Bundles - 	Entry: C:\Users\ayoub\Downloads\sts-4.21.1.RELEASE\plugins\org.apache.commons.commons-codec_1.16.0.jar
2024-03-15 00:51:07,272 [Worker-9: Launching real-estate-business] INFO  o.eclipse.m2e.core.internal.Bundles - getClasspathEntries(Bundle=org.apache.commons.lang3_3.13.0 [77])
2024-03-15 00:51:07,273 [Worker-9: Launching real-estate-business] INFO  o.eclipse.m2e.core.internal.Bundles - 	Entry: C:\Users\ayoub\Downloads\sts-4.21.1.RELEASE\plugins\org.apache.commons.lang3_3.13.0.jar
2024-03-15 00:51:07,273 [Worker-9: Launching real-estate-business] INFO  o.eclipse.m2e.core.internal.Bundles - getClasspathEntries(Bundle=com.google.guava.failureaccess_1.0.2 [27])
2024-03-15 00:51:07,275 [Worker-9: Launching real-estate-business] INFO  o.eclipse.m2e.core.internal.Bundles - 	Entry: C:\Users\ayoub\Downloads\sts-4.21.1.RELEASE\plugins\com.google.guava.failureaccess_1.0.2.jar
2024-03-15 00:51:07,282 [Worker-9: Launching real-estate-business] INFO  o.e.m.i.launch.MavenLaunchDelegate - Run build in "C:\Users\ayoub\Documents\docker\real-estate\real-estate-business":
2024-03-15 00:51:07,283 [Worker-9: Launching real-estate-business] INFO  o.e.m.i.launch.MavenLaunchDelegate -  mvn  -B -Dstyle.color=always package
2024-03-15 23:46:54,823 [Worker-4: Loading available Gradle versions] INFO  o.e.b.c.i.u.g.PublishedGradleVersions - Gradle version information cache is out-of-date. Trying to update.
2024-03-15 23:47:10,162 [Worker-8: Building] INFO  o.e.m.c.i.p.WorkspaceClassifierResolverManager - Resolving P/real-estate-modules: com.ayoub:real-estate-modules:0.0.1-SNAPSHOT with classifier  to /real-estate-modules/target/classes
2024-03-15 23:47:21,607 [Worker-8: Building] INFO  o.e.m.c.i.l.LifecycleMappingFactory - Using org.eclipse.m2e.jdt.JarLifecycleMapping lifecycle mapping for MavenProject: com.ayoub:real-estate-business:0.0.1-SNAPSHOT @ C:\Users\ayoub\Documents\docker\real-estate\real-estate-business\pom.xml.
2024-03-15 23:47:22,110 [Worker-8: Building] INFO  o.e.m.c.i.p.WorkspaceClassifierResolverManager - Resolving P/real-estate-modules: com.ayoub:real-estate-modules:0.0.1-SNAPSHOT with classifier  to /real-estate-modules/target/classes
2024-03-15 23:47:32,137 [Worker-8: Building] INFO  o.e.m.c.i.p.WorkspaceClassifierResolverManager - Resolving P/real-estate-modules: com.ayoub:real-estate-modules:0.0.1-SNAPSHOT with classifier  to /real-estate-modules/target/classes
2024-03-15 23:47:32,146 [Worker-8: Building] INFO  o.e.m.c.i.p.WorkspaceClassifierResolverManager - Resolving P/real-estate-business: com.ayoub:real-estate-business:0.0.1-SNAPSHOT with classifier  to /real-estate-business/target/classes
2024-03-15 23:47:35,014 [Worker-8: Building] INFO  o.e.m.c.i.l.LifecycleMappingFactory - Using org.eclipse.m2e.jdt.JarLifecycleMapping lifecycle mapping for MavenProject: com.ayoub.real_estate:rest:0.0.1-SNAPSHOT @ C:\Users\ayoub\Documents\docker\real-estate\real-estate-rest\pom.xml.
2024-03-15 23:47:35,102 [Worker-8: Building] INFO  o.e.m.c.i.p.WorkspaceClassifierResolverManager - Resolving P/real-estate-modules: com.ayoub:real-estate-modules:0.0.1-SNAPSHOT with classifier  to /real-estate-modules/target/classes
2024-03-15 23:47:35,173 [Worker-8: Building] INFO  o.e.m.c.i.p.WorkspaceClassifierResolverManager - Resolving P/real-estate-business: com.ayoub:real-estate-business:0.0.1-SNAPSHOT with classifier  to /real-estate-business/target/classes
2024-03-15 23:47:45,487 [Worker-0: Download sources and javadoc] INFO  o.e.m.c.i.e.AbstractTransferListenerAdapter - Downloading https://repo.maven.apache.org/maven2/org/springframework/spring-tx/6.1.4/spring-tx-6.1.4-sources.jar
2024-03-15 23:47:45,625 [Worker-0: Download sources and javadoc] INFO  o.e.m.c.i.e.AbstractTransferListenerAdapter - Downloaded https://repo.maven.apache.org/maven2/org/springframework/spring-tx/6.1.4/spring-tx-6.1.4-sources.jar
2024-03-15 23:47:45,635 [Worker-0: Download sources and javadoc] INFO  o.e.m.j.internal.DownloadSourcesJob - Downloaded sources for org.springframework:spring-tx:6.1.4
2024-03-15 23:47:45,810 [Worker-0: Download sources and javadoc] INFO  o.e.m.c.i.e.AbstractTransferListenerAdapter - Downloading https://repo.maven.apache.org/maven2/org/springframework/spring-jdbc/6.1.4/spring-jdbc-6.1.4-sources.jar
2024-03-15 23:47:46,016 [Worker-0: Download sources and javadoc] INFO  o.e.m.c.i.e.AbstractTransferListenerAdapter - Downloaded https://repo.maven.apache.org/maven2/org/springframework/spring-jdbc/6.1.4/spring-jdbc-6.1.4-sources.jar
2024-03-15 23:47:46,024 [Worker-0: Download sources and javadoc] INFO  o.e.m.j.internal.DownloadSourcesJob - Downloaded sources for org.springframework:spring-jdbc:6.1.4
2024-03-15 23:47:46,186 [Worker-0: Download sources and javadoc] INFO  o.e.m.c.i.e.AbstractTransferListenerAdapter - Downloading https://repo.maven.apache.org/maven2/org/apache/commons/commons-dbcp2/2.10.0/commons-dbcp2-2.10.0-sources.jar
2024-03-15 23:47:46,302 [Worker-0: Download sources and javadoc] INFO  o.e.m.c.i.e.AbstractTransferListenerAdapter - Downloaded https://repo.maven.apache.org/maven2/org/apache/commons/commons-dbcp2/2.10.0/commons-dbcp2-2.10.0-sources.jar
2024-03-15 23:47:46,313 [Worker-0: Download sources and javadoc] INFO  o.e.m.j.internal.DownloadSourcesJob - Downloaded sources for org.apache.commons:commons-dbcp2:2.10.0
2024-03-15 23:47:46,486 [Worker-0: Download sources and javadoc] INFO  o.e.m.c.i.e.AbstractTransferListenerAdapter - Downloading https://repo.maven.apache.org/maven2/com/mysql/mysql-connector-j/8.3.0/mysql-connector-j-8.3.0-sources.jar
2024-03-15 23:47:47,058 [Worker-8: Building] INFO  o.a.m.s.f.DefaultMavenResourcesFiltering - Copying 1 resource from src\main\resources to target\classes
2024-03-15 23:47:47,068 [Worker-8: Building] INFO  o.a.m.s.f.DefaultMavenResourcesFiltering - Copying 1 resource from src\main\resources to target\classes
2024-03-15 23:47:47,069 [Worker-8: Building] INFO  o.a.m.s.f.DefaultMavenResourcesFiltering - Copying 1 resource from src\main\resources to target\classes
2024-03-15 23:47:47,076 [Worker-8: Building] INFO  o.a.m.s.f.DefaultMavenResourcesFiltering - skip non existing resourceDirectory C:\Users\ayoub\Documents\docker\real-estate\real-estate-business\src\test\resources
2024-03-15 23:47:47,747 [Worker-0: Download sources and javadoc] INFO  o.e.m.c.i.e.AbstractTransferListenerAdapter - Downloaded https://repo.maven.apache.org/maven2/com/mysql/mysql-connector-j/8.3.0/mysql-connector-j-8.3.0-sources.jar
2024-03-15 23:47:47,755 [Worker-0: Download sources and javadoc] INFO  o.e.m.j.internal.DownloadSourcesJob - Downloaded sources for com.mysql:mysql-connector-j:8.3.0
2024-03-15 23:47:50,075 [Worker-4: Building] INFO  o.e.m.c.i.l.LifecycleMappingFactory - Using org.eclipse.m2e.jdt.JarLifecycleMapping lifecycle mapping for MavenProject: com.ayoub:real-estate-modules:0.0.1-SNAPSHOT @ C:\Users\ayoub\Documents\docker\real-estate\real-estate-modules\pom.xml.
2024-03-15 23:47:50,375 [Worker-4: Building] INFO  o.a.m.s.f.DefaultMavenResourcesFiltering - Copying 1 resource from src\main\resources to target\classes
2024-03-15 23:47:50,381 [Worker-4: Building] INFO  o.a.m.s.f.DefaultMavenResourcesFiltering - skip non existing resourceDirectory C:\Users\ayoub\Documents\docker\real-estate\real-estate-modules\src\test\resources
2024-03-15 23:47:54,345 [Worker-4: Building] INFO  o.e.m.c.i.l.LifecycleMappingFactory - Using org.eclipse.m2e.jdt.JarLifecycleMapping lifecycle mapping for MavenProject: com.ayoub.real_estate:rest:0.0.1-SNAPSHOT @ C:\Users\ayoub\Documents\docker\real-estate\real-estate-rest\pom.xml.
2024-03-15 23:47:54,864 [Worker-4: Building] INFO  o.e.m.c.i.p.WorkspaceClassifierResolverManager - Resolving P/real-estate-modules: com.ayoub:real-estate-modules:0.0.1-SNAPSHOT with classifier  to /real-estate-modules/target/classes
2024-03-15 23:47:54,875 [Worker-4: Building] INFO  o.e.m.c.i.p.WorkspaceClassifierResolverManager - Resolving P/real-estate-business: com.ayoub:real-estate-business:0.0.1-SNAPSHOT with classifier  to /real-estate-business/target/classes
2024-03-15 23:47:56,944 [Worker-4: Building] INFO  o.a.m.s.f.DefaultMavenResourcesFiltering - Copying 1 resource from src\main\resources to target\classes
2024-03-15 23:47:56,978 [Worker-4: Building] INFO  o.a.m.s.f.DefaultMavenResourcesFiltering - Copying 0 resource from src\main\resources to target\classes
2024-03-15 23:47:56,987 [Worker-4: Building] INFO  o.a.m.s.f.DefaultMavenResourcesFiltering - Copying 0 resource from src\test\resources to target\test-classes
2024-03-15 23:48:00,151 [Worker-9: Launching real-estate-rest - RealEstateRestApplication] INFO  o.e.m.c.i.p.WorkspaceClassifierResolverManager - Resolving P/real-estate-modules: com.ayoub:real-estate-modules:0.0.1-SNAPSHOT with classifier null to /real-estate-modules/target/classes
2024-03-15 23:48:00,154 [Worker-9: Launching real-estate-rest - RealEstateRestApplication] INFO  o.e.m.c.i.p.WorkspaceClassifierResolverManager - Resolving P/real-estate-business: com.ayoub:real-estate-business:0.0.1-SNAPSHOT with classifier null to /real-estate-business/target/classes
2024-03-15 23:48:00,391 [Worker-9: Launching real-estate-rest - RealEstateRestApplication] INFO  o.e.m.c.i.p.WorkspaceClassifierResolverManager - Resolving P/real-estate-modules: com.ayoub:real-estate-modules:0.0.1-SNAPSHOT with classifier null to /real-estate-modules/target/classes
2024-03-15 23:48:00,392 [Worker-9: Launching real-estate-rest - RealEstateRestApplication] INFO  o.e.m.c.i.p.WorkspaceClassifierResolverManager - Resolving P/real-estate-business: com.ayoub:real-estate-business:0.0.1-SNAPSHOT with classifier null to /real-estate-business/target/classes
2024-03-15 23:48:00,609 [Worker-9: Launching real-estate-rest - RealEstateRestApplication] INFO  o.e.m.c.i.p.WorkspaceClassifierResolverManager - Resolving P/real-estate-modules: com.ayoub:real-estate-modules:0.0.1-SNAPSHOT with classifier null to /real-estate-modules/target/classes
2024-03-15 23:48:00,610 [Worker-9: Launching real-estate-rest - RealEstateRestApplication] INFO  o.e.m.c.i.p.WorkspaceClassifierResolverManager - Resolving P/real-estate-business: com.ayoub:real-estate-business:0.0.1-SNAPSHOT with classifier null to /real-estate-business/target/classes
2024-03-15 23:48:31,711 [Worker-0: Launching real-estate-rest - RealEstateRestApplication] INFO  o.e.m.c.i.p.WorkspaceClassifierResolverManager - Resolving P/real-estate-modules: com.ayoub:real-estate-modules:0.0.1-SNAPSHOT with classifier null to /real-estate-modules/target/classes
2024-03-15 23:48:31,713 [Worker-0: Launching real-estate-rest - RealEstateRestApplication] INFO  o.e.m.c.i.p.WorkspaceClassifierResolverManager - Resolving P/real-estate-business: com.ayoub:real-estate-business:0.0.1-SNAPSHOT with classifier null to /real-estate-business/target/classes
2024-03-15 23:48:31,940 [Worker-0: Launching real-estate-rest - RealEstateRestApplication] INFO  o.e.m.c.i.p.WorkspaceClassifierResolverManager - Resolving P/real-estate-modules: com.ayoub:real-estate-modules:0.0.1-SNAPSHOT with classifier null to /real-estate-modules/target/classes
2024-03-15 23:48:31,941 [Worker-0: Launching real-estate-rest - RealEstateRestApplication] INFO  o.e.m.c.i.p.WorkspaceClassifierResolverManager - Resolving P/real-estate-business: com.ayoub:real-estate-business:0.0.1-SNAPSHOT with classifier null to /real-estate-business/target/classes
2024-03-15 23:48:32,162 [Worker-0: Launching real-estate-rest - RealEstateRestApplication] INFO  o.e.m.c.i.p.WorkspaceClassifierResolverManager - Resolving P/real-estate-modules: com.ayoub:real-estate-modules:0.0.1-SNAPSHOT with classifier null to /real-estate-modules/target/classes
2024-03-15 23:48:32,163 [Worker-0: Launching real-estate-rest - RealEstateRestApplication] INFO  o.e.m.c.i.p.WorkspaceClassifierResolverManager - Resolving P/real-estate-business: com.ayoub:real-estate-business:0.0.1-SNAPSHOT with classifier null to /real-estate-business/target/classes
2024-03-16 00:07:32,130 [Worker-2: Loading available Gradle versions] INFO  o.e.b.c.i.u.g.PublishedGradleVersions - Gradle version information cache is up-to-date. Trying to read.
2024-03-16 00:07:48,007 [Worker-4: Launching real-estate-rest - RealEstateRestApplication] INFO  o.e.m.c.i.p.WorkspaceClassifierResolverManager - Resolving P/real-estate-modules: com.ayoub:real-estate-modules:0.0.1-SNAPSHOT with classifier  to /real-estate-modules/target/classes
2024-03-16 00:07:48,034 [Worker-4: Launching real-estate-rest - RealEstateRestApplication] INFO  o.e.m.c.i.p.WorkspaceClassifierResolverManager - Resolving P/real-estate-business: com.ayoub:real-estate-business:0.0.1-SNAPSHOT with classifier  to /real-estate-business/target/classes
2024-03-16 00:07:48,854 [Worker-4: Launching real-estate-rest - RealEstateRestApplication] INFO  o.e.m.c.i.p.WorkspaceClassifierResolverManager - Resolving P/real-estate-modules: com.ayoub:real-estate-modules:0.0.1-SNAPSHOT with classifier null to /real-estate-modules/target/classes
2024-03-16 00:07:48,856 [Worker-4: Launching real-estate-rest - RealEstateRestApplication] INFO  o.e.m.c.i.p.WorkspaceClassifierResolverManager - Resolving P/real-estate-business: com.ayoub:real-estate-business:0.0.1-SNAPSHOT with classifier null to /real-estate-business/target/classes
2024-03-16 00:07:49,257 [Worker-4: Launching real-estate-rest - RealEstateRestApplication] INFO  o.e.m.c.i.p.WorkspaceClassifierResolverManager - Resolving P/real-estate-modules: com.ayoub:real-estate-modules:0.0.1-SNAPSHOT with classifier null to /real-estate-modules/target/classes
2024-03-16 00:07:49,258 [Worker-4: Launching real-estate-rest - RealEstateRestApplication] INFO  o.e.m.c.i.p.WorkspaceClassifierResolverManager - Resolving P/real-estate-business: com.ayoub:real-estate-business:0.0.1-SNAPSHOT with classifier null to /real-estate-business/target/classes
2024-03-16 00:07:49,623 [Worker-4: Launching real-estate-rest - RealEstateRestApplication] INFO  o.e.m.c.i.p.WorkspaceClassifierResolverManager - Resolving P/real-estate-modules: com.ayoub:real-estate-modules:0.0.1-SNAPSHOT with classifier null to /real-estate-modules/target/classes
2024-03-16 00:07:49,624 [Worker-4: Launching real-estate-rest - RealEstateRestApplication] INFO  o.e.m.c.i.p.WorkspaceClassifierResolverManager - Resolving P/real-estate-business: com.ayoub:real-estate-business:0.0.1-SNAPSHOT with classifier null to /real-estate-business/target/classes
2024-03-16 00:11:20,541 [Worker-6: Building] INFO  o.e.m.c.i.p.WorkspaceClassifierResolverManager - Resolving P/real-estate-modules: com.ayoub:real-estate-modules:0.0.1-SNAPSHOT with classifier  to /real-estate-modules/target/classes
2024-03-16 00:11:21,077 [Worker-6: Building] INFO  o.a.m.s.f.DefaultMavenResourcesFiltering - Copying 1 resource from src\main\resources to target\classes
2024-03-16 00:11:21,092 [Worker-6: Building] INFO  o.a.m.s.f.DefaultMavenResourcesFiltering - Copying 1 resource from src\main\resources to target\classes
2024-03-16 00:11:21,094 [Worker-6: Building] INFO  o.a.m.s.f.DefaultMavenResourcesFiltering - Copying 1 resource from src\main\resources to target\classes
2024-03-16 00:11:21,109 [Worker-6: Building] INFO  o.a.m.s.f.DefaultMavenResourcesFiltering - skip non existing resourceDirectory C:\Users\ayoub\Documents\docker\real-estate\real-estate-business\src\test\resources
2024-03-16 00:12:05,131 [Worker-2: Building] INFO  o.a.m.s.f.DefaultMavenResourcesFiltering - Copying 1 resource from src\main\resources to target\classes
2024-03-16 00:12:05,137 [Worker-2: Building] INFO  o.a.m.s.f.DefaultMavenResourcesFiltering - Copying 1 resource from src\main\resources to target\classes
2024-03-16 00:12:05,140 [Worker-2: Building] INFO  o.a.m.s.f.DefaultMavenResourcesFiltering - Copying 1 resource from src\main\resources to target\classes
2024-03-16 00:12:05,147 [Worker-2: Building] INFO  o.a.m.s.f.DefaultMavenResourcesFiltering - skip non existing resourceDirectory C:\Users\ayoub\Documents\docker\real-estate\real-estate-business\src\test\resources
2024-03-16 00:12:32,106 [Worker-2: Launching real-estate-rest - RealEstateRestApplication] INFO  o.e.m.c.i.p.WorkspaceClassifierResolverManager - Resolving P/real-estate-modules: com.ayoub:real-estate-modules:0.0.1-SNAPSHOT with classifier null to /real-estate-modules/target/classes
2024-03-16 00:12:32,107 [Worker-2: Launching real-estate-rest - RealEstateRestApplication] INFO  o.e.m.c.i.p.WorkspaceClassifierResolverManager - Resolving P/real-estate-business: com.ayoub:real-estate-business:0.0.1-SNAPSHOT with classifier null to /real-estate-business/target/classes
2024-03-16 00:12:32,364 [Worker-2: Launching real-estate-rest - RealEstateRestApplication] INFO  o.e.m.c.i.p.WorkspaceClassifierResolverManager - Resolving P/real-estate-modules: com.ayoub:real-estate-modules:0.0.1-SNAPSHOT with classifier null to /real-estate-modules/target/classes
2024-03-16 00:12:32,365 [Worker-2: Launching real-estate-rest - RealEstateRestApplication] INFO  o.e.m.c.i.p.WorkspaceClassifierResolverManager - Resolving P/real-estate-business: com.ayoub:real-estate-business:0.0.1-SNAPSHOT with classifier null to /real-estate-business/target/classes
2024-03-16 00:12:32,628 [Worker-2: Launching real-estate-rest - RealEstateRestApplication] INFO  o.e.m.c.i.p.WorkspaceClassifierResolverManager - Resolving P/real-estate-modules: com.ayoub:real-estate-modules:0.0.1-SNAPSHOT with classifier null to /real-estate-modules/target/classes
2024-03-16 00:12:32,629 [Worker-2: Launching real-estate-rest - RealEstateRestApplication] INFO  o.e.m.c.i.p.WorkspaceClassifierResolverManager - Resolving P/real-estate-business: com.ayoub:real-estate-business:0.0.1-SNAPSHOT with classifier null to /real-estate-business/target/classes
2024-03-16 00:13:28,396 [Worker-1: Loading available Gradle versions] INFO  o.e.b.c.i.u.g.PublishedGradleVersions - Gradle version information cache is up-to-date. Trying to read.
2024-03-16 00:14:03,110 [Worker-7: Launching real-estate-rest - RealEstateRestApplication] INFO  o.e.m.c.i.p.WorkspaceClassifierResolverManager - Resolving P/real-estate-modules: com.ayoub:real-estate-modules:0.0.1-SNAPSHOT with classifier  to /real-estate-modules/target/classes
2024-03-16 00:14:03,121 [Worker-7: Launching real-estate-rest - RealEstateRestApplication] INFO  o.e.m.c.i.p.WorkspaceClassifierResolverManager - Resolving P/real-estate-business: com.ayoub:real-estate-business:0.0.1-SNAPSHOT with classifier  to /real-estate-business/target/classes
2024-03-16 00:14:03,599 [Worker-7: Launching real-estate-rest - RealEstateRestApplication] INFO  o.e.m.c.i.p.WorkspaceClassifierResolverManager - Resolving P/real-estate-modules: com.ayoub:real-estate-modules:0.0.1-SNAPSHOT with classifier null to /real-estate-modules/target/classes
2024-03-16 00:14:03,601 [Worker-7: Launching real-estate-rest - RealEstateRestApplication] INFO  o.e.m.c.i.p.WorkspaceClassifierResolverManager - Resolving P/real-estate-business: com.ayoub:real-estate-business:0.0.1-SNAPSHOT with classifier null to /real-estate-business/target/classes
2024-03-16 00:14:03,821 [Worker-7: Launching real-estate-rest - RealEstateRestApplication] INFO  o.e.m.c.i.p.WorkspaceClassifierResolverManager - Resolving P/real-estate-modules: com.ayoub:real-estate-modules:0.0.1-SNAPSHOT with classifier null to /real-estate-modules/target/classes
2024-03-16 00:14:03,822 [Worker-7: Launching real-estate-rest - RealEstateRestApplication] INFO  o.e.m.c.i.p.WorkspaceClassifierResolverManager - Resolving P/real-estate-business: com.ayoub:real-estate-business:0.0.1-SNAPSHOT with classifier null to /real-estate-business/target/classes
2024-03-16 00:14:04,048 [Worker-7: Launching real-estate-rest - RealEstateRestApplication] INFO  o.e.m.c.i.p.WorkspaceClassifierResolverManager - Resolving P/real-estate-modules: com.ayoub:real-estate-modules:0.0.1-SNAPSHOT with classifier null to /real-estate-modules/target/classes
2024-03-16 00:14:04,049 [Worker-7: Launching real-estate-rest - RealEstateRestApplication] INFO  o.e.m.c.i.p.WorkspaceClassifierResolverManager - Resolving P/real-estate-business: com.ayoub:real-estate-business:0.0.1-SNAPSHOT with classifier null to /real-estate-business/target/classes
2024-03-16 00:14:43,464 [Worker-9: Building] INFO  o.e.m.c.i.p.WorkspaceClassifierResolverManager - Resolving P/real-estate-modules: com.ayoub:real-estate-modules:0.0.1-SNAPSHOT with classifier  to /real-estate-modules/target/classes
2024-03-16 00:14:43,953 [Worker-9: Building] INFO  o.a.m.s.f.DefaultMavenResourcesFiltering - Copying 1 resource from src\main\resources to target\classes
2024-03-16 00:14:43,963 [Worker-9: Building] INFO  o.a.m.s.f.DefaultMavenResourcesFiltering - Copying 1 resource from src\main\resources to target\classes
2024-03-16 00:14:43,964 [Worker-9: Building] INFO  o.a.m.s.f.DefaultMavenResourcesFiltering - Copying 1 resource from src\main\resources to target\classes
2024-03-16 00:14:43,975 [Worker-9: Building] INFO  o.a.m.s.f.DefaultMavenResourcesFiltering - skip non existing resourceDirectory C:\Users\ayoub\Documents\docker\real-estate\real-estate-business\src\test\resources
2024-03-16 00:34:34,296 [Worker-5: Launching real-estate-rest - RealEstateRestApplication] INFO  o.e.m.c.i.p.WorkspaceClassifierResolverManager - Resolving P/real-estate-modules: com.ayoub:real-estate-modules:0.0.1-SNAPSHOT with classifier null to /real-estate-modules/target/classes
2024-03-16 00:34:36,168 [Worker-5: Launching real-estate-rest - RealEstateRestApplication] INFO  o.e.m.c.i.p.WorkspaceClassifierResolverManager - Resolving P/real-estate-business: com.ayoub:real-estate-business:0.0.1-SNAPSHOT with classifier null to /real-estate-business/target/classes
2024-03-16 00:34:36,507 [Worker-5: Launching real-estate-rest - RealEstateRestApplication] INFO  o.e.m.c.i.p.WorkspaceClassifierResolverManager - Resolving P/real-estate-modules: com.ayoub:real-estate-modules:0.0.1-SNAPSHOT with classifier null to /real-estate-modules/target/classes
2024-03-16 00:34:36,508 [Worker-5: Launching real-estate-rest - RealEstateRestApplication] INFO  o.e.m.c.i.p.WorkspaceClassifierResolverManager - Resolving P/real-estate-business: com.ayoub:real-estate-business:0.0.1-SNAPSHOT with classifier null to /real-estate-business/target/classes
2024-03-16 00:34:36,862 [Worker-5: Launching real-estate-rest - RealEstateRestApplication] INFO  o.e.m.c.i.p.WorkspaceClassifierResolverManager - Resolving P/real-estate-modules: com.ayoub:real-estate-modules:0.0.1-SNAPSHOT with classifier null to /real-estate-modules/target/classes
2024-03-16 00:34:36,863 [Worker-5: Launching real-estate-rest - RealEstateRestApplication] INFO  o.e.m.c.i.p.WorkspaceClassifierResolverManager - Resolving P/real-estate-business: com.ayoub:real-estate-business:0.0.1-SNAPSHOT with classifier null to /real-estate-business/target/classes
2024-03-16 00:36:28,959 [Worker-3: Loading available Gradle versions] INFO  o.e.b.c.i.u.g.PublishedGradleVersions - Gradle version information cache is up-to-date. Trying to read.
2024-03-16 00:41:49,210 [Worker-4: Building] INFO  o.e.m.c.i.p.WorkspaceClassifierResolverManager - Resolving P/real-estate-modules: com.ayoub:real-estate-modules:0.0.1-SNAPSHOT with classifier  to /real-estate-modules/target/classes
2024-03-16 00:41:49,995 [Worker-4: Building] INFO  o.a.m.s.f.DefaultMavenResourcesFiltering - Copying 1 resource from src\main\resources to target\classes
2024-03-16 00:41:50,004 [Worker-4: Building] INFO  o.a.m.s.f.DefaultMavenResourcesFiltering - Copying 1 resource from src\main\resources to target\classes
2024-03-16 00:41:50,007 [Worker-4: Building] INFO  o.a.m.s.f.DefaultMavenResourcesFiltering - Copying 1 resource from src\main\resources to target\classes
2024-03-16 00:41:50,018 [Worker-4: Building] INFO  o.a.m.s.f.DefaultMavenResourcesFiltering - skip non existing resourceDirectory C:\Users\ayoub\Documents\docker\real-estate\real-estate-business\src\test\resources
2024-03-16 00:41:59,440 [Worker-11: Launching real-estate-rest - RealEstateRestApplication] INFO  o.e.m.c.i.p.WorkspaceClassifierResolverManager - Resolving P/real-estate-modules: com.ayoub:real-estate-modules:0.0.1-SNAPSHOT with classifier  to /real-estate-modules/target/classes
2024-03-16 00:41:59,449 [Worker-11: Launching real-estate-rest - RealEstateRestApplication] INFO  o.e.m.c.i.p.WorkspaceClassifierResolverManager - Resolving P/real-estate-business: com.ayoub:real-estate-business:0.0.1-SNAPSHOT with classifier  to /real-estate-business/target/classes
2024-03-16 00:42:00,031 [Worker-11: Launching real-estate-rest - RealEstateRestApplication] INFO  o.e.m.c.i.p.WorkspaceClassifierResolverManager - Resolving P/real-estate-modules: com.ayoub:real-estate-modules:0.0.1-SNAPSHOT with classifier null to /real-estate-modules/target/classes
2024-03-16 00:42:00,033 [Worker-11: Launching real-estate-rest - RealEstateRestApplication] INFO  o.e.m.c.i.p.WorkspaceClassifierResolverManager - Resolving P/real-estate-business: com.ayoub:real-estate-business:0.0.1-SNAPSHOT with classifier null to /real-estate-business/target/classes
2024-03-16 00:42:00,402 [Worker-11: Launching real-estate-rest - RealEstateRestApplication] INFO  o.e.m.c.i.p.WorkspaceClassifierResolverManager - Resolving P/real-estate-modules: com.ayoub:real-estate-modules:0.0.1-SNAPSHOT with classifier null to /real-estate-modules/target/classes
2024-03-16 00:42:00,403 [Worker-11: Launching real-estate-rest - RealEstateRestApplication] INFO  o.e.m.c.i.p.WorkspaceClassifierResolverManager - Resolving P/real-estate-business: com.ayoub:real-estate-business:0.0.1-SNAPSHOT with classifier null to /real-estate-business/target/classes
2024-03-16 00:42:00,768 [Worker-11: Launching real-estate-rest - RealEstateRestApplication] INFO  o.e.m.c.i.p.WorkspaceClassifierResolverManager - Resolving P/real-estate-modules: com.ayoub:real-estate-modules:0.0.1-SNAPSHOT with classifier null to /real-estate-modules/target/classes
2024-03-16 00:42:00,769 [Worker-11: Launching real-estate-rest - RealEstateRestApplication] INFO  o.e.m.c.i.p.WorkspaceClassifierResolverManager - Resolving P/real-estate-business: com.ayoub:real-estate-business:0.0.1-SNAPSHOT with classifier null to /real-estate-business/target/classes
2024-03-16 00:43:10,076 [Worker-15: Building] INFO  o.a.m.s.f.DefaultMavenResourcesFiltering - Copying 1 resource from src\main\resources to target\classes
2024-03-16 00:43:10,082 [Worker-15: Building] INFO  o.a.m.s.f.DefaultMavenResourcesFiltering - Copying 1 resource from src\main\resources to target\classes
2024-03-16 00:43:10,085 [Worker-15: Building] INFO  o.a.m.s.f.DefaultMavenResourcesFiltering - Copying 1 resource from src\main\resources to target\classes
2024-03-16 00:43:10,091 [Worker-15: Building] INFO  o.a.m.s.f.DefaultMavenResourcesFiltering - skip non existing resourceDirectory C:\Users\ayoub\Documents\docker\real-estate\real-estate-business\src\test\resources
